Aug 20, 2025 10:11:13 AM com.attendance.sync.AttendanceSync loadConfiguration
INFO: Configuration loaded successfully
Aug 20, 2025 10:11:13 AM com.attendance.sync.AttendanceSync loadConfiguration
INFO: School: DELHI PUBLIC SCHOOL, Indirapuram
Aug 20, 2025 10:11:13 AM com.attendance.sync.AttendanceSync loadConfiguration
INFO: Database: localhost:1433
Aug 20, 2025 10:11:20 AM com.attendance.sync.AttendanceSync loadConfiguration
INFO: Configuration loaded successfully
Aug 20, 2025 10:11:20 AM com.attendance.sync.AttendanceSync loadConfiguration
INFO: School: DELHI PUBLIC SCHOOL, Indirapuram
Aug 20, 2025 10:11:20 AM com.attendance.sync.AttendanceSync loadConfiguration
INFO: Database: localhost:1433
Aug 20, 2025 10:11:21 AM com.attendance.sync.AttendanceSync getConnection
INFO: Database connection successful!
Aug 20, 2025 10:11:27 AM com.attendance.sync.AttendanceSync loadConfiguration
INFO: Configuration loaded successfully
Aug 20, 2025 10:11:27 AM com.attendance.sync.AttendanceSync loadConfiguration
INFO: School: DELHI PUBLIC SCHOOL, Indirapuram
Aug 20, 2025 10:11:27 AM com.attendance.sync.AttendanceSync loadConfiguration
INFO: Database: localhost:1433
Aug 20, 2025 10:11:27 AM com.attendance.sync.AttendanceSync hitServer
INFO: Sending request to: https://api.eduacademics.com/v1/guests/StaffBiomatricPunch?school_code=indp
Aug 20, 2025 10:11:28 AM com.attendance.sync.AttendanceSync hitServer
INFO: Server response received: {"message":"Invalid attendancedata format","status":400}
Aug 20, 2025 10:11:41 AM com.attendance.sync.AttendanceSync loadConfiguration
INFO: Configuration loaded successfully
Aug 20, 2025 10:11:41 AM com.attendance.sync.AttendanceSync loadConfiguration
INFO: School: DELHI PUBLIC SCHOOL, Indirapuram
Aug 20, 2025 10:11:41 AM com.attendance.sync.AttendanceSync loadConfiguration
INFO: Database: localhost:1433
Aug 20, 2025 10:11:41 AM com.attendance.sync.AttendanceSync run
INFO: AttendanceSync started for DELHI PUBLIC SCHOOL, Indirapuram
Aug 20, 2025 10:11:41 AM com.attendance.sync.AttendanceSync run
INFO: Starting sync cycle...
Aug 20, 2025 10:11:41 AM com.attendance.sync.AttendanceSync getConnection
INFO: Database connection successful!
Aug 20, 2025 10:11:41 AM com.attendance.sync.AttendanceSync fetchRecord
INFO: Total records processed: 0
Aug 20, 2025 10:11:41 AM com.attendance.sync.AttendanceSync fetchRecord
INFO: No unprocessed records found
Aug 20, 2025 10:11:41 AM com.attendance.sync.AttendanceSync run
INFO: Sleeping for 60 seconds...
Aug 20, 2025 10:12:41 AM com.attendance.sync.AttendanceSync run
INFO: Starting sync cycle...
Aug 20, 2025 10:12:41 AM com.attendance.sync.AttendanceSync getConnection
INFO: Database connection successful!
Aug 20, 2025 10:12:41 AM com.attendance.sync.AttendanceSync fetchRecord
INFO: Total records processed: 0
Aug 20, 2025 10:12:41 AM com.attendance.sync.AttendanceSync fetchRecord
INFO: No unprocessed records found
Aug 20, 2025 10:12:41 AM com.attendance.sync.AttendanceSync run
INFO: Sleeping for 60 seconds...
Aug 20, 2025 10:13:41 AM com.attendance.sync.AttendanceSync run
INFO: Starting sync cycle...
Aug 20, 2025 10:13:41 AM com.attendance.sync.AttendanceSync getConnection
INFO: Database connection successful!
Aug 20, 2025 10:13:41 AM com.attendance.sync.AttendanceSync processRecord
INFO: Processing: Employee 00030172 at 18-08-2025 09:08:00 on Machine 106
Aug 20, 2025 10:13:41 AM com.attendance.sync.AttendanceSync hitServer
INFO: Sending request to: https://api.eduacademics.com/v1/guests/StaffBiomatricPunch?school_code=indp&attendancedata=%7B%22data%22%3A%5B%7B%22datetime%22%3A%2218-08-2025+09%3A08%3A00%22%2C%22school_code%22%3A%22indp%22%2C%22biomatric_code%22%3A%2200030172%22%7D%5D%7D
Aug 20, 2025 10:13:42 AM com.attendance.sync.AttendanceSync hitServer
INFO: Server response received: {"message":"Attendance Punch successfully updated","status":200,"data":{"status":"success","biomatric_code":"00030172"}}
Aug 20, 2025 10:13:42 AM com.attendance.sync.AttendanceSync processRecord
INFO: API response: {"message":"Attendance Punch successfully updated","status":200,"data":{"status":"success","biomatric_code":"00030172"}}
Aug 20, 2025 10:13:42 AM com.attendance.sync.AttendanceSync analyzeResponse
INFO: SUCCESS: Attendance recorded successfully
Aug 20, 2025 10:13:42 AM com.attendance.sync.AttendanceSync updateDatabase
INFO: Database updated successfully! Rows: 2
Aug 20, 2025 10:13:42 AM com.attendance.sync.AttendanceSync fetchRecord
INFO: Total records processed: 1
Aug 20, 2025 10:13:42 AM com.attendance.sync.AttendanceSync run
INFO: Sleeping for 60 seconds...
Aug 20, 2025 10:14:42 AM com.attendance.sync.AttendanceSync run
INFO: Starting sync cycle...
Aug 20, 2025 10:14:42 AM com.attendance.sync.AttendanceSync getConnection
INFO: Database connection successful!
Aug 20, 2025 10:14:42 AM com.attendance.sync.AttendanceSync fetchRecord
INFO: Total records processed: 0
Aug 20, 2025 10:14:42 AM com.attendance.sync.AttendanceSync fetchRecord
INFO: No unprocessed records found
Aug 20, 2025 10:14:42 AM com.attendance.sync.AttendanceSync run
INFO: Sleeping for 60 seconds...
Aug 20, 2025 10:15:42 AM com.attendance.sync.AttendanceSync run
INFO: Starting sync cycle...
Aug 20, 2025 10:15:42 AM com.attendance.sync.AttendanceSync getConnection
INFO: Database connection successful!
Aug 20, 2025 10:15:42 AM com.attendance.sync.AttendanceSync processRecord
INFO: Processing: Employee 00030172 at 21-08-2025 09:08:00 on Machine 106
Aug 20, 2025 10:15:42 AM com.attendance.sync.AttendanceSync hitServer
INFO: Sending request to: https://api.eduacademics.com/v1/guests/StaffBiomatricPunch?school_code=indp&attendancedata=%7B%22data%22%3A%5B%7B%22datetime%22%3A%2221-08-2025+09%3A08%3A00%22%2C%22school_code%22%3A%22indp%22%2C%22biomatric_code%22%3A%2200030172%22%7D%5D%7D
Aug 20, 2025 10:15:43 AM com.attendance.sync.AttendanceSync hitServer
INFO: Server response received: {"message":"Attendance Punch successfully updated","status":200,"data":{"status":"success","biomatric_code":"00030172"}}
Aug 20, 2025 10:15:43 AM com.attendance.sync.AttendanceSync processRecord
INFO: API response: {"message":"Attendance Punch successfully updated","status":200,"data":{"status":"success","biomatric_code":"00030172"}}
Aug 20, 2025 10:15:43 AM com.attendance.sync.AttendanceSync analyzeResponse
INFO: SUCCESS: Attendance recorded successfully
Aug 20, 2025 10:15:43 AM com.attendance.sync.AttendanceSync updateDatabase
INFO: Database updated successfully! Rows: 1
Aug 20, 2025 10:15:43 AM com.attendance.sync.AttendanceSync fetchRecord
INFO: Total records processed: 1
Aug 20, 2025 10:15:43 AM com.attendance.sync.AttendanceSync run
INFO: Sleeping for 60 seconds...
Aug 20, 2025 10:16:43 AM com.attendance.sync.AttendanceSync run
INFO: Starting sync cycle...
Aug 20, 2025 10:16:43 AM com.attendance.sync.AttendanceSync getConnection
INFO: Database connection successful!
Aug 20, 2025 10:16:43 AM com.attendance.sync.AttendanceSync fetchRecord
INFO: Total records processed: 0
Aug 20, 2025 10:16:43 AM com.attendance.sync.AttendanceSync fetchRecord
INFO: No unprocessed records found
Aug 20, 2025 10:16:43 AM com.attendance.sync.AttendanceSync run
INFO: Sleeping for 60 seconds...
Aug 20, 2025 10:17:43 AM com.attendance.sync.AttendanceSync run
INFO: Starting sync cycle...
Aug 20, 2025 10:17:43 AM com.attendance.sync.AttendanceSync getConnection
INFO: Database connection successful!
Aug 20, 2025 10:17:43 AM com.attendance.sync.AttendanceSync fetchRecord
INFO: Total records processed: 0
Aug 20, 2025 10:17:43 AM com.attendance.sync.AttendanceSync fetchRecord
INFO: No unprocessed records found
Aug 20, 2025 10:17:43 AM com.attendance.sync.AttendanceSync run
INFO: Sleeping for 60 seconds...
Aug 20, 2025 10:18:43 AM com.attendance.sync.AttendanceSync run
INFO: Starting sync cycle...
Aug 20, 2025 10:18:43 AM com.attendance.sync.AttendanceSync getConnection
INFO: Database connection successful!
Aug 20, 2025 10:18:43 AM com.attendance.sync.AttendanceSync fetchRecord
INFO: Total records processed: 0
Aug 20, 2025 10:18:43 AM com.attendance.sync.AttendanceSync fetchRecord
INFO: No unprocessed records found
Aug 20, 2025 10:18:43 AM com.attendance.sync.AttendanceSync run
INFO: Sleeping for 60 seconds...
Aug 20, 2025 10:19:43 AM com.attendance.sync.AttendanceSync run
INFO: Starting sync cycle...
Aug 20, 2025 10:19:43 AM com.attendance.sync.AttendanceSync getConnection
INFO: Database connection successful!
Aug 20, 2025 10:19:43 AM com.attendance.sync.AttendanceSync fetchRecord
INFO: Total records processed: 0
Aug 20, 2025 10:19:43 AM com.attendance.sync.AttendanceSync fetchRecord
INFO: No unprocessed records found
Aug 20, 2025 10:19:43 AM com.attendance.sync.AttendanceSync run
INFO: Sleeping for 60 seconds...
Aug 20, 2025 10:20:43 AM com.attendance.sync.AttendanceSync run
INFO: Starting sync cycle...
Aug 20, 2025 10:20:43 AM com.attendance.sync.AttendanceSync getConnection
INFO: Database connection successful!
Aug 20, 2025 10:20:43 AM com.attendance.sync.AttendanceSync fetchRecord
INFO: Total records processed: 0
Aug 20, 2025 10:20:43 AM com.attendance.sync.AttendanceSync fetchRecord
INFO: No unprocessed records found
Aug 20, 2025 10:20:43 AM com.attendance.sync.AttendanceSync run
INFO: Sleeping for 60 seconds...
Aug 20, 2025 10:21:43 AM com.attendance.sync.AttendanceSync run
INFO: Starting sync cycle...
Aug 20, 2025 10:21:43 AM com.attendance.sync.AttendanceSync getConnection
INFO: Database connection successful!
Aug 20, 2025 10:21:43 AM com.attendance.sync.AttendanceSync fetchRecord
INFO: Total records processed: 0
Aug 20, 2025 10:21:43 AM com.attendance.sync.AttendanceSync fetchRecord
INFO: No unprocessed records found
Aug 20, 2025 10:21:43 AM com.attendance.sync.AttendanceSync run
INFO: Sleeping for 60 seconds...
Aug 20, 2025 10:22:43 AM com.attendance.sync.AttendanceSync run
INFO: Starting sync cycle...
Aug 20, 2025 10:22:43 AM com.attendance.sync.AttendanceSync getConnection
INFO: Database connection successful!
Aug 20, 2025 10:22:43 AM com.attendance.sync.AttendanceSync fetchRecord
INFO: Total records processed: 0
Aug 20, 2025 10:22:43 AM com.attendance.sync.AttendanceSync fetchRecord
INFO: No unprocessed records found
Aug 20, 2025 10:22:43 AM com.attendance.sync.AttendanceSync run
INFO: Sleeping for 60 seconds...
Aug 20, 2025 10:23:43 AM com.attendance.sync.AttendanceSync run
INFO: Starting sync cycle...
Aug 20, 2025 10:23:43 AM com.attendance.sync.AttendanceSync getConnection
INFO: Database connection successful!
Aug 20, 2025 10:23:43 AM com.attendance.sync.AttendanceSync fetchRecord
INFO: Total records processed: 0
Aug 20, 2025 10:23:43 AM com.attendance.sync.AttendanceSync fetchRecord
INFO: No unprocessed records found
Aug 20, 2025 10:23:43 AM com.attendance.sync.AttendanceSync run
INFO: Sleeping for 60 seconds...
Aug 20, 2025 10:24:43 AM com.attendance.sync.AttendanceSync run
INFO: Starting sync cycle...
Aug 20, 2025 10:24:43 AM com.attendance.sync.AttendanceSync getConnection
INFO: Database connection successful!
Aug 20, 2025 10:24:43 AM com.attendance.sync.AttendanceSync fetchRecord
INFO: Total records processed: 0
Aug 20, 2025 10:24:43 AM com.attendance.sync.AttendanceSync fetchRecord
INFO: No unprocessed records found
Aug 20, 2025 10:24:43 AM com.attendance.sync.AttendanceSync run
INFO: Sleeping for 60 seconds...
Aug 20, 2025 10:25:43 AM com.attendance.sync.AttendanceSync run
INFO: Starting sync cycle...
Aug 20, 2025 10:25:43 AM com.attendance.sync.AttendanceSync getConnection
INFO: Database connection successful!
Aug 20, 2025 10:25:43 AM com.attendance.sync.AttendanceSync fetchRecord
INFO: Total records processed: 0
Aug 20, 2025 10:25:43 AM com.attendance.sync.AttendanceSync fetchRecord
INFO: No unprocessed records found
Aug 20, 2025 10:25:43 AM com.attendance.sync.AttendanceSync run
INFO: Sleeping for 60 seconds...
Aug 20, 2025 10:26:43 AM com.attendance.sync.AttendanceSync run
INFO: Starting sync cycle...
Aug 20, 2025 10:26:43 AM com.attendance.sync.AttendanceSync getConnection
INFO: Database connection successful!
Aug 20, 2025 10:26:43 AM com.attendance.sync.AttendanceSync fetchRecord
INFO: Total records processed: 0
Aug 20, 2025 10:26:43 AM com.attendance.sync.AttendanceSync fetchRecord
INFO: No unprocessed records found
Aug 20, 2025 10:26:43 AM com.attendance.sync.AttendanceSync run
INFO: Sleeping for 60 seconds...
Aug 20, 2025 10:27:43 AM com.attendance.sync.AttendanceSync run
INFO: Starting sync cycle...
Aug 20, 2025 10:27:43 AM com.attendance.sync.AttendanceSync getConnection
INFO: Database connection successful!
Aug 20, 2025 10:27:43 AM com.attendance.sync.AttendanceSync fetchRecord
INFO: Total records processed: 0
Aug 20, 2025 10:27:43 AM com.attendance.sync.AttendanceSync fetchRecord
INFO: No unprocessed records found
Aug 20, 2025 10:27:43 AM com.attendance.sync.AttendanceSync run
INFO: Sleeping for 60 seconds...
Aug 20, 2025 10:28:43 AM com.attendance.sync.AttendanceSync run
INFO: Starting sync cycle...
Aug 20, 2025 10:28:43 AM com.attendance.sync.AttendanceSync getConnection
INFO: Database connection successful!
Aug 20, 2025 10:28:43 AM com.attendance.sync.AttendanceSync fetchRecord
INFO: Total records processed: 0
Aug 20, 2025 10:28:43 AM com.attendance.sync.AttendanceSync fetchRecord
INFO: No unprocessed records found
Aug 20, 2025 10:28:43 AM com.attendance.sync.AttendanceSync run
INFO: Sleeping for 60 seconds...
Aug 20, 2025 10:29:43 AM com.attendance.sync.AttendanceSync run
INFO: Starting sync cycle...
Aug 20, 2025 10:29:43 AM com.attendance.sync.AttendanceSync getConnection
INFO: Database connection successful!
Aug 20, 2025 10:29:43 AM com.attendance.sync.AttendanceSync fetchRecord
INFO: Total records processed: 0
Aug 20, 2025 10:29:43 AM com.attendance.sync.AttendanceSync fetchRecord
INFO: No unprocessed records found
Aug 20, 2025 10:29:43 AM com.attendance.sync.AttendanceSync run
INFO: Sleeping for 60 seconds...
Aug 20, 2025 10:30:43 AM com.attendance.sync.AttendanceSync run
INFO: Starting sync cycle...
Aug 20, 2025 10:30:43 AM com.attendance.sync.AttendanceSync getConnection
INFO: Database connection successful!
Aug 20, 2025 10:30:43 AM com.attendance.sync.AttendanceSync fetchRecord
INFO: Total records processed: 0
Aug 20, 2025 10:30:43 AM com.attendance.sync.AttendanceSync fetchRecord
INFO: No unprocessed records found
Aug 20, 2025 10:30:43 AM com.attendance.sync.AttendanceSync run
INFO: Sleeping for 60 seconds...
Aug 20, 2025 10:31:43 AM com.attendance.sync.AttendanceSync run
INFO: Starting sync cycle...
Aug 20, 2025 10:31:43 AM com.attendance.sync.AttendanceSync getConnection
INFO: Database connection successful!
Aug 20, 2025 10:31:43 AM com.attendance.sync.AttendanceSync fetchRecord
INFO: Total records processed: 0
Aug 20, 2025 10:31:43 AM com.attendance.sync.AttendanceSync fetchRecord
INFO: No unprocessed records found
Aug 20, 2025 10:31:43 AM com.attendance.sync.AttendanceSync run
INFO: Sleeping for 60 seconds...
Aug 20, 2025 10:32:43 AM com.attendance.sync.AttendanceSync run
INFO: Starting sync cycle...
Aug 20, 2025 10:32:43 AM com.attendance.sync.AttendanceSync getConnection
INFO: Database connection successful!
Aug 20, 2025 10:32:43 AM com.attendance.sync.AttendanceSync fetchRecord
INFO: Total records processed: 0
Aug 20, 2025 10:32:43 AM com.attendance.sync.AttendanceSync fetchRecord
INFO: No unprocessed records found
Aug 20, 2025 10:32:43 AM com.attendance.sync.AttendanceSync run
INFO: Sleeping for 60 seconds...
Aug 20, 2025 10:33:43 AM com.attendance.sync.AttendanceSync run
INFO: Starting sync cycle...
Aug 20, 2025 10:33:44 AM com.attendance.sync.AttendanceSync getConnection
INFO: Database connection successful!
Aug 20, 2025 10:33:44 AM com.attendance.sync.AttendanceSync fetchRecord
INFO: Total records processed: 0
Aug 20, 2025 10:33:44 AM com.attendance.sync.AttendanceSync fetchRecord
INFO: No unprocessed records found
Aug 20, 2025 10:33:44 AM com.attendance.sync.AttendanceSync run
INFO: Sleeping for 60 seconds...
Aug 20, 2025 10:34:44 AM com.attendance.sync.AttendanceSync run
INFO: Starting sync cycle...
Aug 20, 2025 10:34:44 AM com.attendance.sync.AttendanceSync getConnection
INFO: Database connection successful!
Aug 20, 2025 10:34:44 AM com.attendance.sync.AttendanceSync fetchRecord
INFO: Total records processed: 0
Aug 20, 2025 10:34:44 AM com.attendance.sync.AttendanceSync fetchRecord
INFO: No unprocessed records found
Aug 20, 2025 10:34:44 AM com.attendance.sync.AttendanceSync run
INFO: Sleeping for 60 seconds...
Aug 20, 2025 10:35:44 AM com.attendance.sync.AttendanceSync run
INFO: Starting sync cycle...
Aug 20, 2025 10:35:44 AM com.attendance.sync.AttendanceSync getConnection
INFO: Database connection successful!
Aug 20, 2025 10:35:44 AM com.attendance.sync.AttendanceSync fetchRecord
INFO: Total records processed: 0
Aug 20, 2025 10:35:44 AM com.attendance.sync.AttendanceSync fetchRecord
INFO: No unprocessed records found
Aug 20, 2025 10:35:44 AM com.attendance.sync.AttendanceSync run
INFO: Sleeping for 60 seconds...
Aug 20, 2025 10:36:44 AM com.attendance.sync.AttendanceSync run
INFO: Starting sync cycle...
Aug 20, 2025 10:36:44 AM com.attendance.sync.AttendanceSync getConnection
INFO: Database connection successful!
Aug 20, 2025 10:36:44 AM com.attendance.sync.AttendanceSync fetchRecord
INFO: Total records processed: 0
Aug 20, 2025 10:36:44 AM com.attendance.sync.AttendanceSync fetchRecord
INFO: No unprocessed records found
Aug 20, 2025 10:36:44 AM com.attendance.sync.AttendanceSync run
INFO: Sleeping for 60 seconds...
Aug 20, 2025 10:37:44 AM com.attendance.sync.AttendanceSync run
INFO: Starting sync cycle...
Aug 20, 2025 10:37:44 AM com.attendance.sync.AttendanceSync getConnection
INFO: Database connection successful!
Aug 20, 2025 10:37:44 AM com.attendance.sync.AttendanceSync fetchRecord
INFO: Total records processed: 0
Aug 20, 2025 10:37:44 AM com.attendance.sync.AttendanceSync fetchRecord
INFO: No unprocessed records found
Aug 20, 2025 10:37:44 AM com.attendance.sync.AttendanceSync run
INFO: Sleeping for 60 seconds...
Aug 20, 2025 10:38:44 AM com.attendance.sync.AttendanceSync run
INFO: Starting sync cycle...
Aug 20, 2025 10:38:44 AM com.attendance.sync.AttendanceSync getConnection
INFO: Database connection successful!
Aug 20, 2025 10:38:44 AM com.attendance.sync.AttendanceSync fetchRecord
INFO: Total records processed: 0
Aug 20, 2025 10:38:44 AM com.attendance.sync.AttendanceSync fetchRecord
INFO: No unprocessed records found
Aug 20, 2025 10:38:44 AM com.attendance.sync.AttendanceSync run
INFO: Sleeping for 60 seconds...
Aug 20, 2025 10:39:44 AM com.attendance.sync.AttendanceSync run
INFO: Starting sync cycle...
Aug 20, 2025 10:39:44 AM com.attendance.sync.AttendanceSync getConnection
INFO: Database connection successful!
Aug 20, 2025 10:39:44 AM com.attendance.sync.AttendanceSync fetchRecord
INFO: Total records processed: 0
Aug 20, 2025 10:39:44 AM com.attendance.sync.AttendanceSync fetchRecord
INFO: No unprocessed records found
Aug 20, 2025 10:39:44 AM com.attendance.sync.AttendanceSync run
INFO: Sleeping for 60 seconds...
Aug 20, 2025 10:40:44 AM com.attendance.sync.AttendanceSync run
INFO: Starting sync cycle...
Aug 20, 2025 10:40:44 AM com.attendance.sync.AttendanceSync getConnection
INFO: Database connection successful!
Aug 20, 2025 10:40:44 AM com.attendance.sync.AttendanceSync fetchRecord
INFO: Total records processed: 0
Aug 20, 2025 10:40:44 AM com.attendance.sync.AttendanceSync fetchRecord
INFO: No unprocessed records found
Aug 20, 2025 10:40:44 AM com.attendance.sync.AttendanceSync run
INFO: Sleeping for 60 seconds...
Aug 20, 2025 10:41:44 AM com.attendance.sync.AttendanceSync run
INFO: Starting sync cycle...
Aug 20, 2025 10:41:44 AM com.attendance.sync.AttendanceSync getConnection
INFO: Database connection successful!
Aug 20, 2025 10:41:44 AM com.attendance.sync.AttendanceSync fetchRecord
INFO: Total records processed: 0
Aug 20, 2025 10:41:44 AM com.attendance.sync.AttendanceSync fetchRecord
INFO: No unprocessed records found
Aug 20, 2025 10:41:44 AM com.attendance.sync.AttendanceSync run
INFO: Sleeping for 60 seconds...
Aug 20, 2025 10:42:44 AM com.attendance.sync.AttendanceSync run
INFO: Starting sync cycle...
Aug 20, 2025 10:42:44 AM com.attendance.sync.AttendanceSync getConnection
INFO: Database connection successful!
Aug 20, 2025 10:42:44 AM com.attendance.sync.AttendanceSync fetchRecord
INFO: Total records processed: 0
Aug 20, 2025 10:42:44 AM com.attendance.sync.AttendanceSync fetchRecord
INFO: No unprocessed records found
Aug 20, 2025 10:42:44 AM com.attendance.sync.AttendanceSync run
INFO: Sleeping for 60 seconds...
Aug 20, 2025 10:43:44 AM com.attendance.sync.AttendanceSync run
INFO: Starting sync cycle...
Aug 20, 2025 10:43:44 AM com.attendance.sync.AttendanceSync getConnection
INFO: Database connection successful!
Aug 20, 2025 10:43:44 AM com.attendance.sync.AttendanceSync fetchRecord
INFO: Total records processed: 0
Aug 20, 2025 10:43:44 AM com.attendance.sync.AttendanceSync fetchRecord
INFO: No unprocessed records found
Aug 20, 2025 10:43:44 AM com.attendance.sync.AttendanceSync run
INFO: Sleeping for 60 seconds...
Aug 20, 2025 10:44:44 AM com.attendance.sync.AttendanceSync run
INFO: Starting sync cycle...
Aug 20, 2025 10:44:44 AM com.attendance.sync.AttendanceSync getConnection
INFO: Database connection successful!
Aug 20, 2025 10:44:44 AM com.attendance.sync.AttendanceSync fetchRecord
INFO: Total records processed: 0
Aug 20, 2025 10:44:44 AM com.attendance.sync.AttendanceSync fetchRecord
INFO: No unprocessed records found
Aug 20, 2025 10:44:44 AM com.attendance.sync.AttendanceSync run
INFO: Sleeping for 60 seconds...
Aug 20, 2025 10:45:44 AM com.attendance.sync.AttendanceSync run
INFO: Starting sync cycle...
Aug 20, 2025 10:45:44 AM com.attendance.sync.AttendanceSync getConnection
INFO: Database connection successful!
Aug 20, 2025 10:45:44 AM com.attendance.sync.AttendanceSync fetchRecord
INFO: Total records processed: 0
Aug 20, 2025 10:45:44 AM com.attendance.sync.AttendanceSync fetchRecord
INFO: No unprocessed records found
Aug 20, 2025 10:45:44 AM com.attendance.sync.AttendanceSync run
INFO: Sleeping for 60 seconds...
Aug 20, 2025 10:46:44 AM com.attendance.sync.AttendanceSync run
INFO: Starting sync cycle...
Aug 20, 2025 10:46:44 AM com.attendance.sync.AttendanceSync getConnection
INFO: Database connection successful!
Aug 20, 2025 10:46:44 AM com.attendance.sync.AttendanceSync processRecord
INFO: Processing: Employee 00030172 at 21-08-2025 09:08:00 on Machine 106
Aug 20, 2025 10:46:44 AM com.attendance.sync.AttendanceSync hitServer
INFO: Sending request to: https://api.eduacademics.com/v1/guests/StaffBiomatricPunch?school_code=indp&attendancedata=%7B%22data%22%3A%5B%7B%22datetime%22%3A%2221-08-2025+09%3A08%3A00%22%2C%22school_code%22%3A%22indp%22%2C%22biomatric_code%22%3A%2200030172%22%7D%5D%7D
Aug 20, 2025 10:46:45 AM com.attendance.sync.AttendanceSync hitServer
INFO: Server response received: {"message":"Attendance Punch successfully updated","status":200,"data":{"status":"success","biomatric_code":"00030172"}}
Aug 20, 2025 10:46:45 AM com.attendance.sync.AttendanceSync processRecord
INFO: API response: {"message":"Attendance Punch successfully updated","status":200,"data":{"status":"success","biomatric_code":"00030172"}}
Aug 20, 2025 10:46:45 AM com.attendance.sync.AttendanceSync analyzeResponse
INFO: SUCCESS: Attendance recorded successfully
Aug 20, 2025 10:46:45 AM com.attendance.sync.AttendanceSync updateDatabase
INFO: Database updated successfully! Rows: 2
Aug 20, 2025 10:46:45 AM com.attendance.sync.AttendanceSync fetchRecord
INFO: Total records processed: 1
Aug 20, 2025 10:46:45 AM com.attendance.sync.AttendanceSync run
INFO: Sleeping for 60 seconds...
Aug 20, 2025 10:47:45 AM com.attendance.sync.AttendanceSync run
INFO: Starting sync cycle...
Aug 20, 2025 10:47:45 AM com.attendance.sync.AttendanceSync getConnection
INFO: Database connection successful!
Aug 20, 2025 10:47:45 AM com.attendance.sync.AttendanceSync fetchRecord
INFO: Total records processed: 0
Aug 20, 2025 10:47:45 AM com.attendance.sync.AttendanceSync fetchRecord
INFO: No unprocessed records found
Aug 20, 2025 10:47:45 AM com.attendance.sync.AttendanceSync run
INFO: Sleeping for 60 seconds...
Aug 20, 2025 10:48:01 AM com.attendance.sync.AttendanceSync loadConfiguration
INFO: Configuration loaded successfully
Aug 20, 2025 10:48:01 AM com.attendance.sync.AttendanceSync loadConfiguration
INFO: School: DELHI PUBLIC SCHOOL, Indirapuram
Aug 20, 2025 10:48:01 AM com.attendance.sync.AttendanceSync loadConfiguration
INFO: Database: localhost:1433
Aug 20, 2025 10:48:01 AM com.attendance.sync.AttendanceSync run
INFO: AttendanceSync started for DELHI PUBLIC SCHOOL, Indirapuram
Aug 20, 2025 10:48:01 AM com.attendance.sync.AttendanceSync run
INFO: Starting sync cycle...
Aug 20, 2025 10:48:01 AM com.attendance.sync.AttendanceSync getConnection
INFO: Database connection successful!
Aug 20, 2025 10:48:02 AM com.attendance.sync.AttendanceSync fetchRecord
INFO: Total records processed: 0
Aug 20, 2025 10:48:02 AM com.attendance.sync.AttendanceSync fetchRecord
INFO: No unprocessed records found
Aug 20, 2025 10:48:02 AM com.attendance.sync.AttendanceSync run
INFO: Sleeping for 60 seconds...
Aug 20, 2025 10:51:42 AM com.attendance.sync.AttendanceSync loadConfiguration
INFO: Configuration loaded successfully
Aug 20, 2025 10:51:42 AM com.attendance.sync.AttendanceSync loadConfiguration
INFO: School: DELHI PUBLIC SCHOOL, Indirapuram
Aug 20, 2025 10:51:42 AM com.attendance.sync.AttendanceSync loadConfiguration
INFO: Database: localhost:1433
Aug 20, 2025 10:51:42 AM com.attendance.sync.AttendanceSync run
INFO: AttendanceSync started for DELHI PUBLIC SCHOOL, Indirapuram
Aug 20, 2025 10:51:42 AM com.attendance.sync.AttendanceSync run
INFO: Starting sync cycle...
Aug 20, 2025 10:51:42 AM com.attendance.sync.AttendanceSync getConnection
INFO: Database connection successful!
Aug 20, 2025 10:51:42 AM com.attendance.sync.AttendanceSync processRecord
INFO: Processing: Employee 00030172 at 18-08-2025 09:08:00 on Machine 106
Aug 20, 2025 10:51:42 AM com.attendance.sync.AttendanceSync hitServer
INFO: Sending request to: https://api.eduacademics.com/v1/guests/StaffBiomatricPunch?school_code=indp&attendancedata=%7B%22data%22%3A%5B%7B%22datetime%22%3A%2218-08-2025+09%3A08%3A00%22%2C%22school_code%22%3A%22indp%22%2C%22biomatric_code%22%3A%2200030172%22%7D%5D%7D
Aug 20, 2025 10:51:42 AM com.attendance.sync.AttendanceSync hitServer
INFO: Server response received: {"message":"Attendance Punch successfully updated","status":200,"data":{"status":"success","biomatric_code":"00030172"}}
Aug 20, 2025 10:51:42 AM com.attendance.sync.AttendanceSync processRecord
INFO: API response: {"message":"Attendance Punch successfully updated","status":200,"data":{"status":"success","biomatric_code":"00030172"}}
Aug 20, 2025 10:51:42 AM com.attendance.sync.AttendanceSync analyzeResponse
INFO: SUCCESS: Attendance recorded successfully
Aug 20, 2025 10:51:42 AM com.attendance.sync.AttendanceSync updateDatabase
INFO: Database updated successfully! Rows: 2
Aug 20, 2025 10:51:42 AM com.attendance.sync.AttendanceSync processRecord
INFO: Processing: Employee 00030172 at 18-08-2025 09:08:00 on Machine 106
Aug 20, 2025 10:51:42 AM com.attendance.sync.AttendanceSync hitServer
INFO: Sending request to: https://api.eduacademics.com/v1/guests/StaffBiomatricPunch?school_code=indp&attendancedata=%7B%22data%22%3A%5B%7B%22datetime%22%3A%2218-08-2025+09%3A08%3A00%22%2C%22school_code%22%3A%22indp%22%2C%22biomatric_code%22%3A%2200030172%22%7D%5D%7D
Aug 20, 2025 10:51:42 AM com.attendance.sync.AttendanceSync hitServer
INFO: Server response received: {"message":"Attendance Punch successfully updated","status":200,"data":{"status":"success","biomatric_code":"00030172"}}
Aug 20, 2025 10:51:42 AM com.attendance.sync.AttendanceSync processRecord
INFO: API response: {"message":"Attendance Punch successfully updated","status":200,"data":{"status":"success","biomatric_code":"00030172"}}
Aug 20, 2025 10:51:42 AM com.attendance.sync.AttendanceSync analyzeResponse
INFO: SUCCESS: Attendance recorded successfully
Aug 20, 2025 10:51:42 AM com.attendance.sync.AttendanceSync updateDatabase
INFO: Database updated successfully! Rows: 2
Aug 20, 2025 10:51:42 AM com.attendance.sync.AttendanceSync processRecord
INFO: Processing: Employee 00005001 at 19-08-2025 09:00:00 on Machine 101
Aug 20, 2025 10:51:42 AM com.attendance.sync.AttendanceSync hitServer
INFO: Sending request to: https://api.eduacademics.com/v1/guests/StaffBiomatricPunch?school_code=indp&attendancedata=%7B%22data%22%3A%5B%7B%22datetime%22%3A%2219-08-2025+09%3A00%3A00%22%2C%22school_code%22%3A%22indp%22%2C%22biomatric_code%22%3A%2200005001%22%7D%5D%7D
Aug 20, 2025 10:51:43 AM com.attendance.sync.AttendanceSync hitServer
INFO: Server response received: {"message":"Attendance Punch successfully updated","status":200,"data":{"status":"failed","biomatric_code":"00005001","reason":"Employee not found"}}
Aug 20, 2025 10:51:43 AM com.attendance.sync.AttendanceSync processRecord
INFO: API response: {"message":"Attendance Punch successfully updated","status":200,"data":{"status":"failed","biomatric_code":"00005001","reason":"Employee not found"}}
Aug 20, 2025 10:51:43 AM com.attendance.sync.AttendanceSync analyzeResponse
INFO: SUCCESS: Attendance recorded successfully
Aug 20, 2025 10:51:43 AM com.attendance.sync.AttendanceSync updateDatabase
INFO: Database updated successfully! Rows: 1
Aug 20, 2025 10:51:43 AM com.attendance.sync.AttendanceSync processRecord
INFO: Processing: Employee 00005002 at 19-08-2025 09:05:00 on Machine 102
Aug 20, 2025 10:51:43 AM com.attendance.sync.AttendanceSync hitServer
INFO: Sending request to: https://api.eduacademics.com/v1/guests/StaffBiomatricPunch?school_code=indp&attendancedata=%7B%22data%22%3A%5B%7B%22datetime%22%3A%2219-08-2025+09%3A05%3A00%22%2C%22school_code%22%3A%22indp%22%2C%22biomatric_code%22%3A%2200005002%22%7D%5D%7D
Aug 20, 2025 10:51:43 AM com.attendance.sync.AttendanceSync hitServer
INFO: Server response received: {"message":"Attendance Punch successfully updated","status":200,"data":{"status":"failed","biomatric_code":"00005002","reason":"Employee not found"}}
Aug 20, 2025 10:51:43 AM com.attendance.sync.AttendanceSync processRecord
INFO: API response: {"message":"Attendance Punch successfully updated","status":200,"data":{"status":"failed","biomatric_code":"00005002","reason":"Employee not found"}}
Aug 20, 2025 10:51:43 AM com.attendance.sync.AttendanceSync analyzeResponse
INFO: SUCCESS: Attendance recorded successfully
Aug 20, 2025 10:51:43 AM com.attendance.sync.AttendanceSync updateDatabase
INFO: Database updated successfully! Rows: 1
Aug 20, 2025 10:51:43 AM com.attendance.sync.AttendanceSync processRecord
INFO: Processing: Employee 00005003 at 19-08-2025 09:10:00 on Machine 103
Aug 20, 2025 10:51:43 AM com.attendance.sync.AttendanceSync hitServer
INFO: Sending request to: https://api.eduacademics.com/v1/guests/StaffBiomatricPunch?school_code=indp&attendancedata=%7B%22data%22%3A%5B%7B%22datetime%22%3A%2219-08-2025+09%3A10%3A00%22%2C%22school_code%22%3A%22indp%22%2C%22biomatric_code%22%3A%2200005003%22%7D%5D%7D
Aug 20, 2025 10:51:43 AM com.attendance.sync.AttendanceSync hitServer
INFO: Server response received: {"message":"Attendance Punch successfully updated","status":200,"data":{"status":"failed","biomatric_code":"00005003","reason":"Employee not found"}}
Aug 20, 2025 10:51:43 AM com.attendance.sync.AttendanceSync processRecord
INFO: API response: {"message":"Attendance Punch successfully updated","status":200,"data":{"status":"failed","biomatric_code":"00005003","reason":"Employee not found"}}
Aug 20, 2025 10:51:43 AM com.attendance.sync.AttendanceSync analyzeResponse
INFO: SUCCESS: Attendance recorded successfully
Aug 20, 2025 10:51:43 AM com.attendance.sync.AttendanceSync updateDatabase
INFO: Database updated successfully! Rows: 1
Aug 20, 2025 10:51:43 AM com.attendance.sync.AttendanceSync processRecord
INFO: Processing: Employee 00005004 at 19-08-2025 09:15:00 on Machine 104
Aug 20, 2025 10:51:43 AM com.attendance.sync.AttendanceSync hitServer
INFO: Sending request to: https://api.eduacademics.com/v1/guests/StaffBiomatricPunch?school_code=indp&attendancedata=%7B%22data%22%3A%5B%7B%22datetime%22%3A%2219-08-2025+09%3A15%3A00%22%2C%22school_code%22%3A%22indp%22%2C%22biomatric_code%22%3A%2200005004%22%7D%5D%7D
Aug 20, 2025 10:51:43 AM com.attendance.sync.AttendanceSync hitServer
INFO: Server response received: {"message":"Attendance Punch successfully updated","status":200,"data":{"status":"failed","biomatric_code":"00005004","reason":"Employee not found"}}
Aug 20, 2025 10:51:43 AM com.attendance.sync.AttendanceSync processRecord
INFO: API response: {"message":"Attendance Punch successfully updated","status":200,"data":{"status":"failed","biomatric_code":"00005004","reason":"Employee not found"}}
Aug 20, 2025 10:51:43 AM com.attendance.sync.AttendanceSync analyzeResponse
INFO: SUCCESS: Attendance recorded successfully
Aug 20, 2025 10:51:43 AM com.attendance.sync.AttendanceSync updateDatabase
INFO: Database updated successfully! Rows: 1
Aug 20, 2025 10:51:43 AM com.attendance.sync.AttendanceSync processRecord
INFO: Processing: Employee 00005005 at 19-08-2025 09:20:00 on Machine 105
Aug 20, 2025 10:51:43 AM com.attendance.sync.AttendanceSync hitServer
INFO: Sending request to: https://api.eduacademics.com/v1/guests/StaffBiomatricPunch?school_code=indp&attendancedata=%7B%22data%22%3A%5B%7B%22datetime%22%3A%2219-08-2025+09%3A20%3A00%22%2C%22school_code%22%3A%22indp%22%2C%22biomatric_code%22%3A%2200005005%22%7D%5D%7D
Aug 20, 2025 10:51:43 AM com.attendance.sync.AttendanceSync hitServer
INFO: Server response received: {"message":"Attendance Punch successfully updated","status":200,"data":{"status":"failed","biomatric_code":"00005005","reason":"Employee not found"}}
Aug 20, 2025 10:51:43 AM com.attendance.sync.AttendanceSync processRecord
INFO: API response: {"message":"Attendance Punch successfully updated","status":200,"data":{"status":"failed","biomatric_code":"00005005","reason":"Employee not found"}}
Aug 20, 2025 10:51:43 AM com.attendance.sync.AttendanceSync analyzeResponse
INFO: SUCCESS: Attendance recorded successfully
Aug 20, 2025 10:51:43 AM com.attendance.sync.AttendanceSync updateDatabase
INFO: Database updated successfully! Rows: 1
Aug 20, 2025 10:51:43 AM com.attendance.sync.AttendanceSync processRecord
INFO: Processing: Employee 00030172 at 19-08-2025 09:20:00 on Machine 106
Aug 20, 2025 10:51:43 AM com.attendance.sync.AttendanceSync hitServer
INFO: Sending request to: https://api.eduacademics.com/v1/guests/StaffBiomatricPunch?school_code=indp&attendancedata=%7B%22data%22%3A%5B%7B%22datetime%22%3A%2219-08-2025+09%3A20%3A00%22%2C%22school_code%22%3A%22indp%22%2C%22biomatric_code%22%3A%2200030172%22%7D%5D%7D
Aug 20, 2025 10:51:43 AM com.attendance.sync.AttendanceSync hitServer
INFO: Server response received: {"message":"Attendance Punch successfully updated","status":200,"data":{"status":"success","biomatric_code":"00030172"}}
Aug 20, 2025 10:51:43 AM com.attendance.sync.AttendanceSync processRecord
INFO: API response: {"message":"Attendance Punch successfully updated","status":200,"data":{"status":"success","biomatric_code":"00030172"}}
Aug 20, 2025 10:51:43 AM com.attendance.sync.AttendanceSync analyzeResponse
INFO: SUCCESS: Attendance recorded successfully
Aug 20, 2025 10:51:43 AM com.attendance.sync.AttendanceSync updateDatabase
INFO: Database updated successfully! Rows: 3
Aug 20, 2025 10:51:43 AM com.attendance.sync.AttendanceSync processRecord
INFO: Processing: Employee 00030172 at 19-08-2025 09:20:00 on Machine 106
Aug 20, 2025 10:51:43 AM com.attendance.sync.AttendanceSync hitServer
INFO: Sending request to: https://api.eduacademics.com/v1/guests/StaffBiomatricPunch?school_code=indp&attendancedata=%7B%22data%22%3A%5B%7B%22datetime%22%3A%2219-08-2025+09%3A20%3A00%22%2C%22school_code%22%3A%22indp%22%2C%22biomatric_code%22%3A%2200030172%22%7D%5D%7D
Aug 20, 2025 10:51:43 AM com.attendance.sync.AttendanceSync hitServer
INFO: Server response received: {"message":"Attendance Punch successfully updated","status":200,"data":{"status":"success","biomatric_code":"00030172"}}
Aug 20, 2025 10:51:43 AM com.attendance.sync.AttendanceSync processRecord
INFO: API response: {"message":"Attendance Punch successfully updated","status":200,"data":{"status":"success","biomatric_code":"00030172"}}
Aug 20, 2025 10:51:43 AM com.attendance.sync.AttendanceSync analyzeResponse
INFO: SUCCESS: Attendance recorded successfully
Aug 20, 2025 10:51:43 AM com.attendance.sync.AttendanceSync updateDatabase
INFO: Database updated successfully! Rows: 3
Aug 20, 2025 10:51:43 AM com.attendance.sync.AttendanceSync processRecord
INFO: Processing: Employee 00030172 at 19-08-2025 09:20:00 on Machine 106
Aug 20, 2025 10:51:43 AM com.attendance.sync.AttendanceSync hitServer
INFO: Sending request to: https://api.eduacademics.com/v1/guests/StaffBiomatricPunch?school_code=indp&attendancedata=%7B%22data%22%3A%5B%7B%22datetime%22%3A%2219-08-2025+09%3A20%3A00%22%2C%22school_code%22%3A%22indp%22%2C%22biomatric_code%22%3A%2200030172%22%7D%5D%7D
Aug 20, 2025 10:51:43 AM com.attendance.sync.AttendanceSync hitServer
INFO: Server response received: {"message":"Attendance Punch successfully updated","status":200,"data":{"status":"success","biomatric_code":"00030172"}}
Aug 20, 2025 10:51:43 AM com.attendance.sync.AttendanceSync processRecord
INFO: API response: {"message":"Attendance Punch successfully updated","status":200,"data":{"status":"success","biomatric_code":"00030172"}}
Aug 20, 2025 10:51:43 AM com.attendance.sync.AttendanceSync analyzeResponse
INFO: SUCCESS: Attendance recorded successfully
Aug 20, 2025 10:51:43 AM com.attendance.sync.AttendanceSync updateDatabase
INFO: Database updated successfully! Rows: 3
Aug 20, 2025 10:51:43 AM com.attendance.sync.AttendanceSync processRecord
INFO: Processing: Employee 00030172 at 20-08-2025 09:10:00 on Machine 106
Aug 20, 2025 10:51:43 AM com.attendance.sync.AttendanceSync hitServer
INFO: Sending request to: https://api.eduacademics.com/v1/guests/StaffBiomatricPunch?school_code=indp&attendancedata=%7B%22data%22%3A%5B%7B%22datetime%22%3A%2220-08-2025+09%3A10%3A00%22%2C%22school_code%22%3A%22indp%22%2C%22biomatric_code%22%3A%2200030172%22%7D%5D%7D
Aug 20, 2025 10:51:44 AM com.attendance.sync.AttendanceSync hitServer
INFO: Server response received: {"message":"Attendance Punch successfully updated","status":200,"data":{"status":"success","biomatric_code":"00030172"}}
Aug 20, 2025 10:51:44 AM com.attendance.sync.AttendanceSync processRecord
INFO: API response: {"message":"Attendance Punch successfully updated","status":200,"data":{"status":"success","biomatric_code":"00030172"}}
Aug 20, 2025 10:51:44 AM com.attendance.sync.AttendanceSync analyzeResponse
INFO: SUCCESS: Attendance recorded successfully
Aug 20, 2025 10:51:44 AM com.attendance.sync.AttendanceSync updateDatabase
INFO: Database updated successfully! Rows: 1
Aug 20, 2025 10:51:44 AM com.attendance.sync.AttendanceSync processRecord
INFO: Processing: Employee 00030172 at 21-08-2025 09:08:00 on Machine 106
Aug 20, 2025 10:51:44 AM com.attendance.sync.AttendanceSync hitServer
INFO: Sending request to: https://api.eduacademics.com/v1/guests/StaffBiomatricPunch?school_code=indp&attendancedata=%7B%22data%22%3A%5B%7B%22datetime%22%3A%2221-08-2025+09%3A08%3A00%22%2C%22school_code%22%3A%22indp%22%2C%22biomatric_code%22%3A%2200030172%22%7D%5D%7D
Aug 20, 2025 10:51:44 AM com.attendance.sync.AttendanceSync hitServer
INFO: Server response received: {"message":"Attendance Punch successfully updated","status":200,"data":{"status":"success","biomatric_code":"00030172"}}
Aug 20, 2025 10:51:44 AM com.attendance.sync.AttendanceSync processRecord
INFO: API response: {"message":"Attendance Punch successfully updated","status":200,"data":{"status":"success","biomatric_code":"00030172"}}
Aug 20, 2025 10:51:44 AM com.attendance.sync.AttendanceSync analyzeResponse
INFO: SUCCESS: Attendance recorded successfully
Aug 20, 2025 10:51:44 AM com.attendance.sync.AttendanceSync updateDatabase
INFO: Database updated successfully! Rows: 2
Aug 20, 2025 10:51:44 AM com.attendance.sync.AttendanceSync fetchRecord
INFO: Total records processed: 12
Aug 20, 2025 10:51:44 AM com.attendance.sync.AttendanceSync run
INFO: Sleeping for 60 seconds...
Aug 20, 2025 10:52:44 AM com.attendance.sync.AttendanceSync run
INFO: Starting sync cycle...
Aug 20, 2025 10:52:44 AM com.attendance.sync.AttendanceSync getConnection
INFO: Database connection successful!
Aug 20, 2025 10:52:44 AM com.attendance.sync.AttendanceSync processRecord
INFO: Processing: Employee 00030172 at 21-08-2025 09:08:00 on Machine 106
Aug 20, 2025 10:52:44 AM com.attendance.sync.AttendanceSync hitServer
INFO: Sending request to: https://api.eduacademics.com/v1/guests/StaffBiomatricPunch?school_code=indp&attendancedata=%7B%22data%22%3A%5B%7B%22datetime%22%3A%2221-08-2025+09%3A08%3A00%22%2C%22school_code%22%3A%22indp%22%2C%22biomatric_code%22%3A%2200030172%22%7D%5D%7D
Aug 20, 2025 10:52:44 AM com.attendance.sync.AttendanceSync hitServer
INFO: Server response received: {"message":"Attendance Punch successfully updated","status":200,"data":{"status":"success","biomatric_code":"00030172"}}
Aug 20, 2025 10:52:44 AM com.attendance.sync.AttendanceSync processRecord
INFO: API response: {"message":"Attendance Punch successfully updated","status":200,"data":{"status":"success","biomatric_code":"00030172"}}
Aug 20, 2025 10:52:44 AM com.attendance.sync.AttendanceSync analyzeResponse
INFO: SUCCESS: Attendance recorded successfully
Aug 20, 2025 10:52:44 AM com.attendance.sync.AttendanceSync updateDatabase
INFO: Database updated successfully! Rows: 3
Aug 20, 2025 10:52:44 AM com.attendance.sync.AttendanceSync fetchRecord
INFO: Total records processed: 1
Aug 20, 2025 10:52:44 AM com.attendance.sync.AttendanceSync run
INFO: Sleeping for 60 seconds...
Aug 20, 2025 10:53:44 AM com.attendance.sync.AttendanceSync run
INFO: Starting sync cycle...
Aug 20, 2025 10:53:44 AM com.attendance.sync.AttendanceSync getConnection
INFO: Database connection successful!
Aug 20, 2025 10:53:44 AM com.attendance.sync.AttendanceSync fetchRecord
INFO: Total records processed: 0
Aug 20, 2025 10:53:44 AM com.attendance.sync.AttendanceSync fetchRecord
INFO: No unprocessed records found
Aug 20, 2025 10:53:44 AM com.attendance.sync.AttendanceSync run
INFO: Sleeping for 60 seconds...
